<?xml version="1.0" encoding="UTF-8"?>
<testsuite name="jp.maru.spring.sample1.AppTest" tests="1" skipped="0" failures="0" errors="0" timestamp="2018-02-15T03:06:09" hostname="DESKTOP-S4PAS47" time="0.001">
  <properties/>
  <testcase name="testApp" classname="jp.maru.spring.sample1.AppTest" time="0.001"/>
  <system-out><![CDATA[]]></system-out>
  <system-err><![CDATA[]]></system-err>
</testsuite>
